<?xml version="1.0" encoding="UTF-8"?>
<!-- Generated by org.testng.reporters.JUnitXMLReporter -->
<testsuite ignored="0" hostname="FFE-Manoj-Kumar-P-FFE339" failures="1" tests="1" name="Default test" time="23.825" errors="0" timestamp="2024-06-19T21:11:55 IST">
  <testcase classname="io.cucumber.testng.AbstractTestNGCucumberTests" name="runScenario" time="23.079">
    <failure type="java.lang.NullPointerException" message="Cannot invoke &amp;quot;org.openqa.selenium.WebDriver.findElement(org.openqa.selenium.By)&amp;quot; because &amp;quot;this.setContextDriver&amp;quot; is null">
      <![CDATA[java.lang.NullPointerException: Cannot invoke "org.openqa.selenium.WebDriver.findElement(org.openqa.selenium.By)" because "this.setContextDriver" is null
at pageObjects.ItRegistrationObjects.clickOnCloseButton(ItRegistrationObjects.java:25)
at featureStepDefinitions.ItRegisterLandingPage.user_is_landed_up_on_it_jobs_registraion_page(ItRegisterLandingPage.java:50)
at ✽.user is landed up on It jobs registraion page(file:///C:/Users/User/eclipse-workspace/virajTechEndToEndScenarios/src/test/java/features/ItRegistrationAndValidation.feature:4)
]]>
    </failure>
  </testcase> <!-- runScenario -->
</testsuite> <!-- Default test -->
