<?xml version="1.0" encoding="UTF-8"?>
<!-- Generated by org.testng.reporters.JUnitReportReporter -->
<testsuite hostname="FFE-Manoj-Kumar-P-FFE339" failures="0" tests="1" name="CucumberOptions.TestNgRunner" time="23.079" errors="1" timestamp="2024-06-19T21:11:55 IST" skipped="0">
  <testcase classname="CucumberOptions.TestNgRunner" name="runScenario" time="23.079">
    <error message="Cannot invoke &quot;org.openqa.selenium.WebDriver.findElement(org.openqa.selenium.By)&quot; because &quot;this.setContextDriver&quot; is null" type="java.lang.NullPointerException">
      <![CDATA[java.lang.NullPointerException: Cannot invoke "org.openqa.selenium.WebDriver.findElement(org.openqa.selenium.By)" because "this.setContextDriver" is null
at pageObjects.ItRegistrationObjects.clickOnCloseButton(ItRegistrationObjects.java:25)
at featureStepDefinitions.ItRegisterLandingPage.user_is_landed_up_on_it_jobs_registraion_page(ItRegisterLandingPage.java:50)
at ✽.user is landed up on It jobs registraion page(file:///C:/Users/User/eclipse-workspace/virajTechEndToEndScenarios/src/test/java/features/ItRegistrationAndValidation.feature:4)
]]>
    </error>
  </testcase> <!-- runScenario -->
</testsuite> <!-- CucumberOptions.TestNgRunner -->
